  Fronto_game.cpp
C:\Program Files\Microsoft Visual Studio\2022\Community\VC\Tools\MSVC\14.41.34120\include\format(42): warning STL4038: The contents of <format> are available only with C++20 or later.
C:\Users\PC\Documents\CPP\Fronto_game\Fronto_game\Fronto_game.cpp(15,44): warning C4244: 'argumento': conversión de 'const float' a 'unsigned int'; posible pérdida de datos
C:\Users\PC\Documents\CPP\Fronto_game\Fronto_game\Fronto_game.cpp(15,37): warning C4244: 'argumento': conversión de 'const float' a 'unsigned int'; posible pérdida de datos
C:\Users\PC\Documents\CPP\Fronto_game\Fronto_game\Fronto_game.cpp(68,115): warning C4244: 'argumento': conversión de 'const float' a 'const int'; posible pérdida de datos
C:\Users\PC\Documents\CPP\Fronto_game\Fronto_game\Fronto_game.cpp(68,108): warning C4244: 'argumento': conversión de 'const float' a 'const int'; posible pérdida de datos
C:\Users\PC\Documents\CPP\Fronto_game\Fronto_game\Fronto_game.cpp(76,96): warning C4244: 'argumento': conversión de 'const float' a 'const int'; posible pérdida de datos
C:\Users\PC\Documents\CPP\Fronto_game\Fronto_game\Fronto_game.cpp(76,89): warning C4244: 'argumento': conversión de 'const float' a 'const int'; posible pérdida de datos
C:\Users\PC\Documents\CPP\Fronto_game\Fronto_game\Fronto_game.cpp(83,87): warning C4244: 'argumento': conversión de 'const float' a 'const int'; posible pérdida de datos
C:\Users\PC\Documents\CPP\Fronto_game\Fronto_game\Fronto_game.cpp(83,80): warning C4244: 'argumento': conversión de 'const float' a 'const int'; posible pérdida de datos
  blocs.cpp
C:\Program Files\Microsoft Visual Studio\2022\Community\VC\Tools\MSVC\14.41.34120\include\format(42): warning STL4038: The contents of <format> are available only with C++20 or later.
  pilota.cpp
C:\Program Files\Microsoft Visual Studio\2022\Community\VC\Tools\MSVC\14.41.34120\include\format(42): warning STL4038: The contents of <format> are available only with C++20 or later.
  text.cpp
C:\Program Files\Microsoft Visual Studio\2022\Community\VC\Tools\MSVC\14.41.34120\include\format(42): warning STL4038: The contents of <format> are available only with C++20 or later.
C:\Users\PC\Documents\CPP\Fronto_game\Fronto_game\text.cpp(56,55): warning C4244: 'argumento': conversión de 'int' a 'T'; posible pérdida de datos
C:\Users\PC\Documents\CPP\Fronto_game\Fronto_game\text.cpp(56,55): warning C4244:         with
C:\Users\PC\Documents\CPP\Fronto_game\Fronto_game\text.cpp(56,55): warning C4244:         [
C:\Users\PC\Documents\CPP\Fronto_game\Fronto_game\text.cpp(56,55): warning C4244:             T=float
C:\Users\PC\Documents\CPP\Fronto_game\Fronto_game\text.cpp(56,55): warning C4244:         ]
C:\Users\PC\Documents\CPP\Fronto_game\Fronto_game\text.cpp(56,44): warning C4244: 'argumento': conversión de 'int' a 'T'; posible pérdida de datos
C:\Users\PC\Documents\CPP\Fronto_game\Fronto_game\text.cpp(56,44): warning C4244:         with
C:\Users\PC\Documents\CPP\Fronto_game\Fronto_game\text.cpp(56,44): warning C4244:         [
C:\Users\PC\Documents\CPP\Fronto_game\Fronto_game\text.cpp(56,44): warning C4244:             T=float
C:\Users\PC\Documents\CPP\Fronto_game\Fronto_game\text.cpp(56,44): warning C4244:         ]
  Generando código...
  Fronto_game.vcxproj -> C:\Users\PC\Documents\CPP\Fronto_game\Debug\Fronto_game.exe
